c:\users\asus\documents\github\sdl_game\witchinthewoods\witchinthewoods\x64\debug\vc142.pdb
c:\users\asus\documents\github\sdl_game\witchinthewoods\witchinthewoods\x64\debug\vc142.idb
c:\users\asus\documents\github\sdl_game\witchinthewoods\witchinthewoods\x64\debug\main.obj
c:\users\asus\documents\github\sdl_game\witchinthewoods\witchinthewoods\x64\debug\ltexture.obj
c:\users\asus\documents\github\sdl_game\witchinthewoods\witchinthewoods\x64\debug\load.obj
c:\users\asus\documents\github\sdl_game\witchinthewoods\witchinthewoods\x64\debug\game_menu.obj
c:\users\asus\documents\github\sdl_game\witchinthewoods\witchinthewoods\x64\debug\game_ingame.obj
c:\users\asus\documents\github\sdl_game\witchinthewoods\witchinthewoods\x64\debug\game.obj
c:\users\asus\documents\github\sdl_game\witchinthewoods\witchinthewoods\x64\debug\entity_player.obj
c:\users\asus\documents\github\sdl_game\witchinthewoods\witchinthewoods\x64\debug\entity_bullet.obj
c:\users\asus\documents\github\sdl_game\witchinthewoods\witchinthewoods\x64\debug\command.obj
c:\users\asus\documents\github\sdl_game\witchinthewoods\witchinthewoods\x64\debug\comp_player.obj
c:\users\asus\documents\github\sdl_game\witchinthewoods\witchinthewoods\x64\debug\pawn.obj
c:\users\asus\documents\github\sdl_game\witchinthewoods\x64\debug\witchinthewoods.exe
c:\users\asus\documents\github\sdl_game\witchinthewoods\witchinthewoods\x64\debug\witchinthewoods.ilk
c:\users\asus\documents\github\sdl_game\witchinthewoods\x64\debug\witchinthewoods.pdb
c:\users\asus\documents\github\sdl_game\witchinthewoods\witchinthewoods\x64\debug\witchinthewoods.tlog\cl.command.1.tlog
c:\users\asus\documents\github\sdl_game\witchinthewoods\witchinthewoods\x64\debug\witchinthewoods.tlog\cl.read.1.tlog
c:\users\asus\documents\github\sdl_game\witchinthewoods\witchinthewoods\x64\debug\witchinthewoods.tlog\cl.write.1.tlog
c:\users\asus\documents\github\sdl_game\witchinthewoods\witchinthewoods\x64\debug\witchinthewoods.tlog\link.28904-cvtres.read.1.tlog
c:\users\asus\documents\github\sdl_game\witchinthewoods\witchinthewoods\x64\debug\witchinthewoods.tlog\link.28904-cvtres.write.1.tlog
c:\users\asus\documents\github\sdl_game\witchinthewoods\witchinthewoods\x64\debug\witchinthewoods.tlog\link.28904-rc.read.1.tlog
c:\users\asus\documents\github\sdl_game\witchinthewoods\witchinthewoods\x64\debug\witchinthewoods.tlog\link.28904-rc.write.1.tlog
c:\users\asus\documents\github\sdl_game\witchinthewoods\witchinthewoods\x64\debug\witchinthewoods.tlog\link.28904.read.1.tlog
c:\users\asus\documents\github\sdl_game\witchinthewoods\witchinthewoods\x64\debug\witchinthewoods.tlog\link.28904.write.1.tlog
c:\users\asus\documents\github\sdl_game\witchinthewoods\witchinthewoods\x64\debug\witchinthewoods.tlog\link.command.1.tlog
c:\users\asus\documents\github\sdl_game\witchinthewoods\witchinthewoods\x64\debug\witchinthewoods.tlog\link.read.1.tlog
c:\users\asus\documents\github\sdl_game\witchinthewoods\witchinthewoods\x64\debug\witchinthewoods.tlog\link.write.1.tlog
