  entity_player.cpp
C:\Users\ASUS\Documents\GitHub\sdl_game\WitchInTheWoods\WitchInTheWoods\entity_player.cpp(82,11): warning C4244: '=': conversion from 'const float' to 'int', possible loss of data
C:\Users\ASUS\Documents\GitHub\sdl_game\WitchInTheWoods\WitchInTheWoods\entity_player.cpp(87,11): warning C4244: '=': conversion from 'const float' to 'int', possible loss of data
C:\Users\ASUS\Documents\GitHub\sdl_game\WitchInTheWoods\WitchInTheWoods\entity_player.cpp(91,11): warning C4244: '=': conversion from 'const float' to 'int', possible loss of data
C:\Users\ASUS\Documents\GitHub\sdl_game\WitchInTheWoods\WitchInTheWoods\entity_player.cpp(96,11): warning C4244: '=': conversion from 'const float' to 'int', possible loss of data
C:\Users\ASUS\Documents\GitHub\sdl_game\WitchInTheWoods\WitchInTheWoods\entity_player.cpp(192,11): warning C4244: 'initializing': conversion from 'double' to 'float', possible loss of data
C:\Users\ASUS\Documents\GitHub\sdl_game\WitchInTheWoods\WitchInTheWoods\entity_player.cpp(193,11): warning C4244: 'initializing': conversion from 'double' to 'float', possible loss of data
C:\Users\ASUS\Documents\GitHub\sdl_game\WitchInTheWoods\WitchInTheWoods\entity_player.cpp(198,30): warning C4838: conversion from 'float' to 'int' requires a narrowing conversion
C:\Users\ASUS\Documents\GitHub\sdl_game\WitchInTheWoods\WitchInTheWoods\entity_player.cpp(198,30): warning C4244: 'initializing': conversion from 'float' to 'int', possible loss of data
C:\Users\ASUS\Documents\GitHub\sdl_game\WitchInTheWoods\WitchInTheWoods\entity_player.cpp(199,26): warning C4838: conversion from 'float' to 'int' requires a narrowing conversion
C:\Users\ASUS\Documents\GitHub\sdl_game\WitchInTheWoods\WitchInTheWoods\entity_player.cpp(199,26): warning C4244: 'initializing': conversion from 'float' to 'int', possible loss of data
C:\Users\ASUS\Documents\GitHub\sdl_game\WitchInTheWoods\WitchInTheWoods\entity_player.cpp(200,26): warning C4838: conversion from 'float' to 'int' requires a narrowing conversion
C:\Users\ASUS\Documents\GitHub\sdl_game\WitchInTheWoods\WitchInTheWoods\entity_player.cpp(200,26): warning C4244: 'initializing': conversion from 'float' to 'int', possible loss of data
C:\Users\ASUS\Documents\GitHub\sdl_game\WitchInTheWoods\WitchInTheWoods\entity_player.cpp(201,30): warning C4838: conversion from 'float' to 'int' requires a narrowing conversion
C:\Users\ASUS\Documents\GitHub\sdl_game\WitchInTheWoods\WitchInTheWoods\entity_player.cpp(201,30): warning C4244: 'initializing': conversion from 'float' to 'int', possible loss of data
C:\Users\ASUS\Documents\GitHub\sdl_game\WitchInTheWoods\WitchInTheWoods\entity_player.cpp(202,26): warning C4838: conversion from 'float' to 'int' requires a narrowing conversion
C:\Users\ASUS\Documents\GitHub\sdl_game\WitchInTheWoods\WitchInTheWoods\entity_player.cpp(202,26): warning C4244: 'initializing': conversion from 'float' to 'int', possible loss of data
C:\Users\ASUS\Documents\GitHub\sdl_game\WitchInTheWoods\WitchInTheWoods\entity_player.cpp(203,26): warning C4838: conversion from 'float' to 'int' requires a narrowing conversion
C:\Users\ASUS\Documents\GitHub\sdl_game\WitchInTheWoods\WitchInTheWoods\entity_player.cpp(203,26): warning C4244: 'initializing': conversion from 'float' to 'int', possible loss of data
C:\Users\ASUS\Documents\GitHub\sdl_game\WitchInTheWoods\WitchInTheWoods\entity_player.cpp(204,29): warning C4838: conversion from 'float' to 'int' requires a narrowing conversion
C:\Users\ASUS\Documents\GitHub\sdl_game\WitchInTheWoods\WitchInTheWoods\entity_player.cpp(204,29): warning C4244: 'initializing': conversion from 'float' to 'int', possible loss of data
C:\Users\ASUS\Documents\GitHub\sdl_game\WitchInTheWoods\WitchInTheWoods\entity_player.cpp(205,25): warning C4838: conversion from 'float' to 'int' requires a narrowing conversion
C:\Users\ASUS\Documents\GitHub\sdl_game\WitchInTheWoods\WitchInTheWoods\entity_player.cpp(205,25): warning C4244: 'initializing': conversion from 'float' to 'int', possible loss of data
C:\Users\ASUS\Documents\GitHub\sdl_game\WitchInTheWoods\WitchInTheWoods\entity_player.cpp(206,25): warning C4838: conversion from 'float' to 'int' requires a narrowing conversion
C:\Users\ASUS\Documents\GitHub\sdl_game\WitchInTheWoods\WitchInTheWoods\entity_player.cpp(206,25): warning C4244: 'initializing': conversion from 'float' to 'int', possible loss of data
C:\Users\ASUS\Documents\GitHub\sdl_game\WitchInTheWoods\WitchInTheWoods\entity_player.cpp(207,29): warning C4838: conversion from 'float' to 'int' requires a narrowing conversion
C:\Users\ASUS\Documents\GitHub\sdl_game\WitchInTheWoods\WitchInTheWoods\entity_player.cpp(207,29): warning C4244: 'initializing': conversion from 'float' to 'int', possible loss of data
C:\Users\ASUS\Documents\GitHub\sdl_game\WitchInTheWoods\WitchInTheWoods\entity_player.cpp(208,25): warning C4838: conversion from 'float' to 'int' requires a narrowing conversion
C:\Users\ASUS\Documents\GitHub\sdl_game\WitchInTheWoods\WitchInTheWoods\entity_player.cpp(208,25): warning C4244: 'initializing': conversion from 'float' to 'int', possible loss of data
C:\Users\ASUS\Documents\GitHub\sdl_game\WitchInTheWoods\WitchInTheWoods\entity_player.cpp(209,25): warning C4838: conversion from 'float' to 'int' requires a narrowing conversion
C:\Users\ASUS\Documents\GitHub\sdl_game\WitchInTheWoods\WitchInTheWoods\entity_player.cpp(209,25): warning C4244: 'initializing': conversion from 'float' to 'int', possible loss of data
  game.cpp
  game_ingame.cpp
  game_menu.cpp
C:\Users\ASUS\Documents\GitHub\sdl_game\WitchInTheWoods\WitchInTheWoods\game_menu.cpp(35,43): warning C4244: 'argument': conversion from 'double' to 'int', possible loss of data
C:\Users\ASUS\Documents\GitHub\sdl_game\WitchInTheWoods\WitchInTheWoods\game_menu.cpp(38,43): warning C4244: 'argument': conversion from 'double' to 'int', possible loss of data
C:\Users\ASUS\Documents\GitHub\sdl_game\WitchInTheWoods\WitchInTheWoods\game_menu.cpp(41,100): warning C4244: 'argument': conversion from 'double' to 'int', possible loss of data
C:\Users\ASUS\Documents\GitHub\sdl_game\WitchInTheWoods\WitchInTheWoods\game_menu.cpp(41,43): warning C4244: 'argument': conversion from 'double' to 'int', possible loss of data
  main.cpp
  stage.cpp
C:\Users\ASUS\Documents\GitHub\sdl_game\WitchInTheWoods\WitchInTheWoods\stage.cpp(119,3): warning C4267: 'initializing': conversion from 'size_t' to 'int', possible loss of data
C:\Users\ASUS\Documents\GitHub\sdl_game\WitchInTheWoods\WitchInTheWoods\stage.cpp(189,25): warning C4305: 'initializing': truncation from 'int' to 'float'
C:\Users\ASUS\Documents\GitHub\sdl_game\WitchInTheWoods\WitchInTheWoods\stage.cpp(262,32): warning C4267: '=': conversion from 'size_t' to 'int', possible loss of data
C:\Users\ASUS\Documents\GitHub\sdl_game\WitchInTheWoods\WitchInTheWoods\stage.cpp(264,28): warning C4267: '=': conversion from 'size_t' to 'int', possible loss of data
  Generating Code...
  WitchInTheWoods.vcxproj -> C:\Users\ASUS\Documents\GitHub\sdl_game\WitchInTheWoods\x64\Debug\WitchInTheWoods.exe
